IncrementRentedNumber : 2021/11/11 20:00:38 sql: no rows in result set
IncrementRentedNumber : 2021/11/11 20:00:39 sql: no rows in result set
IncrementRentedNumber : 2021/11/11 20:00:39 sql: no rows in result set
IncrementRentedNumber : 2021/11/11 20:00:40 sql: no rows in result set
IncrementRentedNumber : 2021/11/11 20:00:40 sql: no rows in result set
IncrementRentedNumber : 2021/11/11 20:00:40 sql: no rows in result set
IncrementRentedNumber : 2021/11/11 20:00:41 sql: no rows in result set
IncrementRentedNumber : 2021/11/11 20:00:41 sql: no rows in result set
IncrementRentedNumber : 2021/11/11 20:00:51 sql: no rows in result set
IncrementRentedNumber : 2021/11/11 20:00:52 sql: no rows in result set
IncrementRentedNumber : 2021/11/11 20:00:52 sql: no rows in result set
IncrementRentedNumber : 2021/11/11 20:00:53 sql: no rows in result set
IncrementRentedNumber : 2021/11/11 20:00:53 sql: no rows in result set
IncrementRentedNumber : 2021/11/11 20:00:55 sql: no rows in result set
IncrementRentedNumber : 2021/11/11 20:00:55 sql: no rows in result set
IncrementRentedNumber : 2021/11/11 20:26:20 sql: no rows in result set
IncrementRentedNumber : 2021/11/11 20:28:48 sql: no rows in result set
IncrementRentedNumber : 2021/11/11 20:28:49 sql: no rows in result set
IncrementRentedNumber : 2021/11/11 20:28:49 sql: no rows in result set
IncrementRentedNumber : 2021/11/11 20:28:50 sql: no rows in result set


                         .:-==+++++++++++++++++++++=-:                  
                    .-+**+=-:.                      .:-+**=.                    
                 -**+:                           .:::.    .=*+:.-+++++++-       
    -+++++++++-**:   .-::::::-:              :---.   .:--:   .+%+       -**     
  -#-       :#=   .--.        .--:         -=.            --    =#. .     -#    
 -%     .. +#.   --              :=       +.               .+    .%@@@=    #-   
 #-    +@@@+    +.                 +     =. :==-.            =     #@@-    *=   
 *+    -@@=    .+.*@@@%-           :-    + #@@@@@-           =      #+    -%    
 .%-    *+     --#@@@@*@           .+    +.@@@@=-+           =       %: -*+     
   +#=.-%      .*-%@@%==           -:    :-.*%%*-           .=       -@*-       
     :=@-       :- .::            .=      :-               :=         #=        
      .%         :=.             --.=*###*-.--.          :-:          .%        
      +*           :--:      .--- :@@@@@@@@+  :----------              #-       
      %-               ::::::.  --:-*#%%%*-.--:                        +*       
     .@:                       =              .=                       -%       
     .@.                       =     :---.     =                       :@       
     :@                         :::*:  + .-+::-                        .@.      
     -@                            =   +   -.                           @.      
     :@                           .=   #   -.                           @:      
     .@.                           -::-:=::-                            @:      
      @:                                                                @:      
      #=                                                                @:      
      =*                                                                @:      
       %                                                                @:   